[21:16:30] [main/INFO]: Setting user: ForgeDevName
[21:16:36] [Client thread/INFO]: LWJGL Version: 2.9.1
[21:16:59] [Client thread/INFO]: Reloading ResourceManager: Default, FMLFileResourcePack:Forge Mod Loader, FMLFileResourcePack:Minecraft Forge, FMLFileResourcePack:Not Enough Items, FMLFileResourcePack:Modular Machines
[21:17:02] [Sound Library Loader/INFO]: Sound engine started
[21:17:15] [Client thread/INFO]: Created: 512x256 textures/blocks-atlas
[21:17:15] [Client thread/INFO]: Created: 256x256 textures/items-atlas
[21:17:15] [Client thread/INFO]: Reloading ResourceManager: Default, FMLFileResourcePack:Forge Mod Loader, FMLFileResourcePack:Minecraft Forge, FMLFileResourcePack:Not Enough Items, FMLFileResourcePack:Modular Machines
[21:17:16] [Client thread/INFO]: Created: 256x256 textures/items-atlas
[21:17:16] [Client thread/INFO]: Created: 512x256 textures/blocks-atlas
[21:17:17] [Sound Library Loader/INFO]: Sound engine started
[21:17:41] [Server thread/INFO]: Starting integrated minecraft server version 1.7.10
[21:17:41] [Server thread/INFO]: Generating keypair
[21:17:42] [Server thread/INFO]: Preparing start region for level 0
[21:17:43] [Server thread/INFO]: Changing view distance to 12, from 10
[21:17:44] [Server thread/INFO]: ForgeDevName[local:E:7d56829e] logged in with entity id 245 at (669.5025733730457, 4.0, -429.2590498320341)
[21:17:44] [Server thread/INFO]: ForgeDevName joined the game
[21:17:45] [Server thread/INFO]: Saving and pausing game...
[21:17:46] [Server thread/INFO]: Saving chunks for level 'New World'/Overworld
[21:17:46] [Server thread/INFO]: Saving chunks for level 'New World'/Nether
[21:17:46] [Server thread/INFO]: Saving chunks for level 'New World'/The End
[21:18:15] [Server thread/INFO]: Saving and pausing game...
[21:18:15] [Server thread/INFO]: Saving chunks for level 'New World'/Overworld
[21:18:16] [Server thread/INFO]: Saving chunks for level 'New World'/Nether
[21:18:16] [Server thread/INFO]: Saving chunks for level 'New World'/The End
[21:18:16] [Server thread/INFO]: Stopping server
[21:18:16] [Server thread/INFO]: Saving players
[21:18:16] [Server thread/INFO]: Saving worlds
[21:18:16] [Server thread/INFO]: Saving chunks for level 'New World'/Overworld
[21:18:16] [Server thread/INFO]: Saving chunks for level 'New World'/Nether
[21:18:16] [Server thread/INFO]: Saving chunks for level 'New World'/The End
[21:18:18] [Client thread/INFO]: Stopping!
